  program.cpp
D:\IT-STUDY\NLLT1\Lab\1910152_lab06_phanD\lab06_D_bai1\lab06_D_bai1\menu.h(3,37): error C2061: syntax error: identifier 'MaTranVuong'
D:\IT-STUDY\NLLT1\Lab\1910152_lab06_phanD\lab06_D_bai1\lab06_D_bai1\menu.h(35,37): error C2061: syntax error: identifier 'MaTranVuong'
D:\IT-STUDY\NLLT1\Lab\1910152_lab06_phanD\lab06_D_bai1\lab06_D_bai1\menu.h(48,10): error C2065: 'n': undeclared identifier
D:\IT-STUDY\NLLT1\Lab\1910152_lab06_phanD\lab06_D_bai1\lab06_D_bai1\menu.h(49,14): error C2065: 'a': undeclared identifier
D:\IT-STUDY\NLLT1\Lab\1910152_lab06_phanD\lab06_D_bai1\lab06_D_bai1\menu.h(49,17): error C2065: 'n': undeclared identifier
D:\IT-STUDY\NLLT1\Lab\1910152_lab06_phanD\lab06_D_bai1\lab06_D_bai1\menu.h(49,3): error C3861: 'NhapMaTran': identifier not found
D:\IT-STUDY\NLLT1\Lab\1910152_lab06_phanD\lab06_D_bai1\lab06_D_bai1\menu.h(51,14): error C2065: 'a': undeclared identifier
D:\IT-STUDY\NLLT1\Lab\1910152_lab06_phanD\lab06_D_bai1\lab06_D_bai1\menu.h(51,17): error C2065: 'n': undeclared identifier
D:\IT-STUDY\NLLT1\Lab\1910152_lab06_phanD\lab06_D_bai1\lab06_D_bai1\menu.h(51,3): error C3861: 'XuatMaTran': identifier not found
D:\IT-STUDY\NLLT1\Lab\1910152_lab06_phanD\lab06_D_bai1\lab06_D_bai1\menu.h(57,14): error C2065: 'a': undeclared identifier
D:\IT-STUDY\NLLT1\Lab\1910152_lab06_phanD\lab06_D_bai1\lab06_D_bai1\menu.h(57,17): error C2065: 'n': undeclared identifier
D:\IT-STUDY\NLLT1\Lab\1910152_lab06_phanD\lab06_D_bai1\lab06_D_bai1\menu.h(57,3): error C3861: 'XuatMaTran': identifier not found
D:\IT-STUDY\NLLT1\Lab\1910152_lab06_phanD\lab06_D_bai1\lab06_D_bai1\menu.h(61,19): warning C4566: character represented by universal-character-name '\u1ED5' cannot be represented in the current code page (1252)
D:\IT-STUDY\NLLT1\Lab\1910152_lab06_phanD\lab06_D_bai1\lab06_D_bai1\menu.h(61,19): warning C4566: character represented by universal-character-name '\u1EA7' cannot be represented in the current code page (1252)
D:\IT-STUDY\NLLT1\Lab\1910152_lab06_phanD\lab06_D_bai1\lab06_D_bai1\menu.h(61,19): warning C4566: character represented by universal-character-name '\u1EED' cannot be represented in the current code page (1252)
D:\IT-STUDY\NLLT1\Lab\1910152_lab06_phanD\lab06_D_bai1\lab06_D_bai1\menu.h(61,19): warning C4566: character represented by universal-character-name '\u1EE7' cannot be represented in the current code page (1252)
D:\IT-STUDY\NLLT1\Lab\1910152_lab06_phanD\lab06_D_bai1\lab06_D_bai1\menu.h(61,19): warning C4566: character represented by universal-character-name '\u1EAD' cannot be represented in the current code page (1252)
D:\IT-STUDY\NLLT1\Lab\1910152_lab06_phanD\lab06_D_bai1\lab06_D_bai1\menu.h(63,14): error C2065: 'a': undeclared identifier
D:\IT-STUDY\NLLT1\Lab\1910152_lab06_phanD\lab06_D_bai1\lab06_D_bai1\menu.h(63,17): error C2065: 'n': undeclared identifier
D:\IT-STUDY\NLLT1\Lab\1910152_lab06_phanD\lab06_D_bai1\lab06_D_bai1\menu.h(63,3): error C3861: 'XuatMaTran': identifier not found
D:\IT-STUDY\NLLT1\Lab\1910152_lab06_phanD\lab06_D_bai1\lab06_D_bai1\menu.h(64,25): error C2065: 'a': undeclared identifier
D:\IT-STUDY\NLLT1\Lab\1910152_lab06_phanD\lab06_D_bai1\lab06_D_bai1\menu.h(64,28): error C2065: 'n': undeclared identifier
D:\IT-STUDY\NLLT1\Lab\1910152_lab06_phanD\lab06_D_bai1\lab06_D_bai1\menu.h(64,9): error C3861: 'TinhTong_MaTran': identifier not found
D:\IT-STUDY\NLLT1\Lab\1910152_lab06_phanD\lab06_D_bai1\lab06_D_bai1\menu.h(71,14): error C2065: 'a': undeclared identifier
D:\IT-STUDY\NLLT1\Lab\1910152_lab06_phanD\lab06_D_bai1\lab06_D_bai1\menu.h(71,17): error C2065: 'n': undeclared identifier
D:\IT-STUDY\NLLT1\Lab\1910152_lab06_phanD\lab06_D_bai1\lab06_D_bai1\menu.h(71,3): error C3861: 'XuatMaTran': identifier not found
D:\IT-STUDY\NLLT1\Lab\1910152_lab06_phanD\lab06_D_bai1\lab06_D_bai1\menu.h(73,22): error C2065: 'a': undeclared identifier
D:\IT-STUDY\NLLT1\Lab\1910152_lab06_phanD\lab06_D_bai1\lab06_D_bai1\menu.h(73,25): error C2065: 'n': undeclared identifier
D:\IT-STUDY\NLLT1\Lab\1910152_lab06_phanD\lab06_D_bai1\lab06_D_bai1\menu.h(73,3): error C3861: 'XuatDuongCheoChinh': identifier not found
D:\IT-STUDY\NLLT1\Lab\1910152_lab06_phanD\lab06_D_bai1\lab06_D_bai1\menu.h(79,14): error C2065: 'a': undeclared identifier
D:\IT-STUDY\NLLT1\Lab\1910152_lab06_phanD\lab06_D_bai1\lab06_D_bai1\menu.h(79,17): error C2065: 'n': undeclared identifier
D:\IT-STUDY\NLLT1\Lab\1910152_lab06_phanD\lab06_D_bai1\lab06_D_bai1\menu.h(79,3): error C3861: 'XuatMaTran': identifier not found
D:\IT-STUDY\NLLT1\Lab\1910152_lab06_phanD\lab06_D_bai1\lab06_D_bai1\menu.h(81,20): error C2065: 'a': undeclared identifier
D:\IT-STUDY\NLLT1\Lab\1910152_lab06_phanD\lab06_D_bai1\lab06_D_bai1\menu.h(81,23): error C2065: 'n': undeclared identifier
D:\IT-STUDY\NLLT1\Lab\1910152_lab06_phanD\lab06_D_bai1\lab06_D_bai1\menu.h(81,3): error C3861: 'XuatDuongCheoPhu': identifier not found
D:\IT-STUDY\NLLT1\Lab\1910152_lab06_phanD\lab06_D_bai1\lab06_D_bai1\menu.h(87,14): error C2065: 'a': undeclared identifier
D:\IT-STUDY\NLLT1\Lab\1910152_lab06_phanD\lab06_D_bai1\lab06_D_bai1\menu.h(87,17): error C2065: 'n': undeclared identifier
D:\IT-STUDY\NLLT1\Lab\1910152_lab06_phanD\lab06_D_bai1\lab06_D_bai1\menu.h(87,3): error C3861: 'XuatMaTran': identifier not found
D:\IT-STUDY\NLLT1\Lab\1910152_lab06_phanD\lab06_D_bai1\lab06_D_bai1\menu.h(88,33): error C2065: 'a': undeclared identifier
D:\IT-STUDY\NLLT1\Lab\1910152_lab06_phanD\lab06_D_bai1\lab06_D_bai1\menu.h(88,36): error C2065: 'n': undeclared identifier
D:\IT-STUDY\NLLT1\Lab\1910152_lab06_phanD\lab06_D_bai1\lab06_D_bai1\menu.h(88,9): error C3861: 'TinhTong_Tren_CheoChinh': identifier not found
D:\IT-STUDY\NLLT1\Lab\1910152_lab06_phanD\lab06_D_bai1\lab06_D_bai1\menu.h(95,14): error C2065: 'a': undeclared identifier
D:\IT-STUDY\NLLT1\Lab\1910152_lab06_phanD\lab06_D_bai1\lab06_D_bai1\menu.h(95,17): error C2065: 'n': undeclared identifier
D:\IT-STUDY\NLLT1\Lab\1910152_lab06_phanD\lab06_D_bai1\lab06_D_bai1\menu.h(95,3): error C3861: 'XuatMaTran': identifier not found
D:\IT-STUDY\NLLT1\Lab\1910152_lab06_phanD\lab06_D_bai1\lab06_D_bai1\menu.h(96,34): error C2065: 'a': undeclared identifier
D:\IT-STUDY\NLLT1\Lab\1910152_lab06_phanD\lab06_D_bai1\lab06_D_bai1\menu.h(96,37): error C2065: 'n': undeclared identifier
D:\IT-STUDY\NLLT1\Lab\1910152_lab06_phanD\lab06_D_bai1\lab06_D_bai1\menu.h(96,7): error C3861: 'TinhTich_Duoi_DuongCheoPhu': identifier not found
D:\IT-STUDY\NLLT1\Lab\1910152_lab06_phanD\lab06_D_bai1\lab06_D_bai1\menu.h(103,14): error C2065: 'a': undeclared identifier
D:\IT-STUDY\NLLT1\Lab\1910152_lab06_phanD\lab06_D_bai1\lab06_D_bai1\menu.h(103,17): error C2065: 'n': undeclared identifier
D:\IT-STUDY\NLLT1\Lab\1910152_lab06_phanD\lab06_D_bai1\lab06_D_bai1\menu.h(103,3): error C3861: 'XuatMaTran': identifier not found
D:\IT-STUDY\NLLT1\Lab\1910152_lab06_phanD\lab06_D_bai1\lab06_D_bai1\menu.h(104,36): error C2065: 'a': undeclared identifier
D:\IT-STUDY\NLLT1\Lab\1910152_lab06_phanD\lab06_D_bai1\lab06_D_bai1\menu.h(104,39): error C2065: 'n': undeclared identifier
D:\IT-STUDY\NLLT1\Lab\1910152_lab06_phanD\lab06_D_bai1\lab06_D_bai1\menu.h(104,3): error C3861: 'Xuat_DuongCheo_SS_DuongCheoChinh': identifier not found
D:\IT-STUDY\NLLT1\Lab\1910152_lab06_phanD\lab06_D_bai1\lab06_D_bai1\program.cpp(21,22): error C2660: 'XuliMenu': function does not take 3 arguments
D:\IT-STUDY\NLLT1\Lab\1910152_lab06_phanD\lab06_D_bai1\lab06_D_bai1\menu.h(35,6): message : see declaration of 'XuliMenu'
